c:\users\lando\documents\github\guitarampprototyping\guitar_amp_prototype_w\builds\visualstudio2019\x64\debug\shared code\include_juce_audio_utils.obj
c:\users\lando\documents\github\guitarampprototyping\guitar_amp_prototype_w\builds\visualstudio2019\x64\debug\shared code\include_juce_audio_plugin_client_utils.obj
c:\users\lando\documents\github\guitarampprototyping\guitar_amp_prototype_w\builds\visualstudio2019\x64\debug\shared code\include_juce_data_structures.obj
c:\users\lando\documents\github\guitarampprototyping\guitar_amp_prototype_w\builds\visualstudio2019\x64\debug\shared code\include_juce_graphics.obj
c:\users\lando\documents\github\guitarampprototyping\guitar_amp_prototype_w\builds\visualstudio2019\x64\debug\shared code\include_juce_core.obj
c:\users\lando\documents\github\guitarampprototyping\guitar_amp_prototype_w\builds\visualstudio2019\x64\debug\shared code\include_juce_audio_devices.obj
c:\users\lando\documents\github\guitarampprototyping\guitar_amp_prototype_w\builds\visualstudio2019\x64\debug\shared code\include_juce_audio_formats.obj
c:\users\lando\documents\github\guitarampprototyping\guitar_amp_prototype_w\builds\visualstudio2019\x64\debug\shared code\include_juce_audio_basics.obj
c:\users\lando\documents\github\guitarampprototyping\guitar_amp_prototype_w\builds\visualstudio2019\x64\debug\shared code\include_juce_gui_basics.obj
c:\users\lando\documents\github\guitarampprototyping\guitar_amp_prototype_w\builds\visualstudio2019\x64\debug\shared code\include_juce_audio_processors.obj
c:\users\lando\documents\github\guitarampprototyping\guitar_amp_prototype_w\builds\visualstudio2019\x64\debug\shared code\include_juce_dsp.obj
c:\users\lando\documents\github\guitarampprototyping\guitar_amp_prototype_w\builds\visualstudio2019\x64\debug\shared code\plugineditor.obj
c:\users\lando\documents\github\guitarampprototyping\guitar_amp_prototype_w\builds\visualstudio2019\x64\debug\shared code\pluginprocessor.obj
c:\users\lando\documents\github\guitarampprototyping\guitar_amp_prototype_w\builds\visualstudio2019\x64\debug\shared code\binarydata.obj
c:\users\lando\documents\github\guitarampprototyping\guitar_amp_prototype_w\builds\visualstudio2019\x64\debug\shared code\include_juce_events.obj
c:\users\lando\documents\github\guitarampprototyping\guitar_amp_prototype_w\builds\visualstudio2019\x64\debug\shared code\include_juce_gui_extra.obj
c:\users\lando\documents\github\guitarampprototyping\guitar_amp_prototype_w\builds\visualstudio2019\x64\debug\shared code\guitar_amp_prototype_w_sharedcode.pdb
c:\users\lando\documents\github\guitarampprototyping\guitar_amp_prototype_w\builds\visualstudio2019\x64\debug\shared code\guitar_amp_prototype_w.lib
c:\users\lando\documents\github\guitarampprototyping\guitar_amp_prototype_w\builds\visualstudio2019\x64\debug\shared code\guitar_a.9b8e3ecf.tlog\cl.11104.write.1.tlog
c:\users\lando\documents\github\guitarampprototyping\guitar_amp_prototype_w\builds\visualstudio2019\x64\debug\shared code\guitar_a.9b8e3ecf.tlog\cl.command.1.tlog
c:\users\lando\documents\github\guitarampprototyping\guitar_amp_prototype_w\builds\visualstudio2019\x64\debug\shared code\guitar_a.9b8e3ecf.tlog\cl.read.1.tlog
c:\users\lando\documents\github\guitarampprototyping\guitar_amp_prototype_w\builds\visualstudio2019\x64\debug\shared code\guitar_a.9b8e3ecf.tlog\lib-link.read.1.tlog
c:\users\lando\documents\github\guitarampprototyping\guitar_amp_prototype_w\builds\visualstudio2019\x64\debug\shared code\guitar_a.9b8e3ecf.tlog\lib-link.write.1.tlog
c:\users\lando\documents\github\guitarampprototyping\guitar_amp_prototype_w\builds\visualstudio2019\x64\debug\shared code\guitar_a.9b8e3ecf.tlog\lib.command.1.tlog
