  PluginProcessor.cpp
C:\Users\lando\Documents\GitHub\GuitarAmpPrototyping\Guitar_Amp_Prototype_W\Source\PluginProcessor.h(83,27): warning C4305: 'initializing': truncation from 'double' to 'const float'
C:\Users\lando\Documents\GitHub\GuitarAmpPrototyping\Guitar_Amp_Prototype_W\Source\ViatorDial.h(24,24): warning C4244: 'initializing': conversion from 'double' to 'float', possible loss of data
C:\Users\lando\Documents\GitHub\GuitarAmpPrototyping\Guitar_Amp_Prototype_W\Source\ViatorDial.h(25,22): warning C4244: 'initializing': conversion from 'double' to 'float', possible loss of data
C:\Users\lando\Documents\GitHub\GuitarAmpPrototyping\Guitar_Amp_Prototype_W\Source\ViatorDial.h(26,23): warning C4244: 'initializing': conversion from 'double' to 'float', possible loss of data
C:\Users\lando\Documents\GitHub\GuitarAmpPrototyping\Guitar_Amp_Prototype_W\Source\ViatorDial.h(27,23): warning C4244: 'initializing': conversion from 'double' to 'float', possible loss of data
C:\Users\lando\Documents\GitHub\GuitarAmpPrototyping\Guitar_Amp_Prototype_W\Source\ViatorDial.h(33,1): warning C4305: 'argument': truncation from 'double' to 'float'
C:\Users\lando\Documents\GitHub\GuitarAmpPrototyping\Guitar_Amp_Prototype_W\Source\ViatorDial.h(34,1): warning C4305: 'argument': truncation from 'double' to 'float'
C:\Users\lando\Documents\GitHub\GuitarAmpPrototyping\Guitar_Amp_Prototype_W\Source\ViatorDial.h(34,180): warning C4244: 'argument': conversion from 'double' to 'float', possible loss of data
C:\Users\lando\Documents\GitHub\GuitarAmpPrototyping\Guitar_Amp_Prototype_W\Source\ViatorDial.h(34,115): warning C4244: 'argument': conversion from 'double' to 'float', possible loss of data
C:\Users\lando\Documents\GitHub\GuitarAmpPrototyping\Guitar_Amp_Prototype_W\Source\ViatorDial.h(39,60): warning C4244: 'argument': conversion from 'double' to 'float', possible loss of data
C:\Users\lando\Documents\GitHub\GuitarAmpPrototyping\Guitar_Amp_Prototype_W\Source\ViatorDial.h(22,160): warning C4100: 'slider': unreferenced formal parameter
C:\Users\lando\Documents\GitHub\GuitarAmpPrototyping\Guitar_Amp_Prototype_W\Source\PluginProcessor.cpp(27,87): warning C4305: 'argument': truncation from 'double' to 'NumericType'
          with
          [
              NumericType=float
          ]
C:\Users\lando\Documents\GitHub\GuitarAmpPrototyping\Guitar_Amp_Prototype_W\Source\PluginProcessor.cpp(28,89): warning C4305: 'argument': truncation from 'double' to 'NumericType'
          with
          [
              NumericType=float
          ]
C:\Users\lando\Documents\GitHub\GuitarAmpPrototyping\Guitar_Amp_Prototype_W\Source\PluginProcessor.cpp(109,66): warning C4100: 'index': unreferenced formal parameter
C:\Users\lando\Documents\GitHub\GuitarAmpPrototyping\Guitar_Amp_Prototype_W\Source\PluginProcessor.cpp(113,77): warning C4100: 'index': unreferenced formal parameter
C:\Users\lando\Documents\GitHub\GuitarAmpPrototyping\Guitar_Amp_Prototype_W\Source\PluginProcessor.cpp(118,93): warning C4100: 'newName': unreferenced formal parameter
C:\Users\lando\Documents\GitHub\GuitarAmpPrototyping\Guitar_Amp_Prototype_W\Source\PluginProcessor.cpp(118,66): warning C4100: 'index': unreferenced formal parameter
C:\Users\lando\Documents\GitHub\GuitarAmpPrototyping\Guitar_Amp_Prototype_W\Source\PluginProcessor.cpp(204,27): warning C4244: 'initializing': conversion from 'double' to 'float', possible loss of data
C:\Users\lando\Documents\GitHub\GuitarAmpPrototyping\Guitar_Amp_Prototype_W\Source\PluginProcessor.cpp(225,42): warning C4244: 'initializing': conversion from 'double' to 'float', possible loss of data
C:\Users\lando\Documents\GitHub\GuitarAmpPrototyping\Guitar_Amp_Prototype_W\Source\PluginProcessor.cpp(190,109): warning C4100: 'midiMessages': unreferenced formal parameter
C:\Users\lando\Documents\GitHub\GuitarAmpPrototyping\Guitar_Amp_Prototype_W\Source\PluginProcessor.cpp(247,104): warning C4244: 'argument': conversion from 'double' to 'NumericType', possible loss of data
          with
          [
              NumericType=float
          ]
C:\Users\lando\Documents\GitHub\GuitarAmpPrototyping\Guitar_Amp_Prototype_W\Source\PluginProcessor.cpp(247,121): warning C4305: 'argument': truncation from 'double' to 'NumericType'
          with
          [
              NumericType=float
          ]
C:\Users\lando\Documents\GitHub\GuitarAmpPrototyping\Guitar_Amp_Prototype_W\Source\PluginProcessor.cpp(251,106): warning C4244: 'argument': conversion from 'double' to 'NumericType', possible loss of data
          with
          [
              NumericType=float
          ]
C:\Users\lando\Documents\GitHub\GuitarAmpPrototyping\Guitar_Amp_Prototype_W\Source\PluginProcessor.cpp(251,123): warning C4305: 'argument': truncation from 'double' to 'NumericType'
          with
          [
              NumericType=float
          ]
C:\Users\lando\Documents\GitHub\GuitarAmpPrototyping\Guitar_Amp_Prototype_W\Source\PluginProcessor.cpp(255,108): warning C4244: 'argument': conversion from 'double' to 'NumericType', possible loss of data
          with
          [
              NumericType=float
          ]
C:\Users\lando\Documents\GitHub\GuitarAmpPrototyping\Guitar_Amp_Prototype_W\Source\PluginProcessor.cpp(255,125): warning C4305: 'argument': truncation from 'double' to 'NumericType'
          with
          [
              NumericType=float
          ]
  Guitar_Amp_Prototype_W_SharedCode.vcxproj -> C:\Users\lando\Documents\GitHub\GuitarAmpPrototyping\Guitar_Amp_Prototype_W\Builds\VisualStudio2019\x64\Debug\Shared Code\Guitar_Amp_Prototype_W.lib
